\BOOKMARK [0][-]{chapter*.4}{\376\377\000W\000s\000t\001\031\000p}{}% 1
\BOOKMARK [0][-]{chapter.1}{\376\377\000T\000e\000o\000r\000e\000t\000y\000c\000z\000n\000e\000\040\000p\000o\000d\000s\000t\000a\000w\000y\000\040\000S\000M\000T\000\040\000i\000\040\000k\000l\000a\000s\000y\000\040\000N\000P\000-\000h\000a\000r\000d}{}% 2
\BOOKMARK [1][-]{section.1.1}{\376\377\000Z\001\102\000o\001\174\000o\000n\000o\001\133\001\007\000\040\000o\000b\000l\000i\000c\000z\000e\000n\000i\000o\000w\000a}{chapter.1}% 3
\BOOKMARK [1][-]{section.1.2}{\376\377\000D\000e\000f\000i\000n\000i\000c\000j\000a\000\040\000k\000l\000a\000s\000y\000\040\000p\000r\000o\000b\000l\000e\000m\000\363\000w\000\040\000N\000P\000-\000t\000r\000u\000d\000n\000y\000c\000h}{chapter.1}% 4
\BOOKMARK [1][-]{section.1.3}{\376\377\000S\000p\000e\001\102\000n\000i\000a\000l\000n\000o\001\133\001\007}{chapter.1}% 5
\BOOKMARK [1][-]{section.1.4}{\376\377\000S\000a\000t\000i\000s\000f\000i\000a\000b\000i\000l\000i\000t\000y\000\040\000M\000o\000d\000u\000l\000o\000\040\000T\000h\000e\000o\000r\000i\000e\000s}{chapter.1}% 6
\BOOKMARK [2][-]{subsection.1.4.1}{\376\377\000T\000e\000o\000r\000i\000e}{section.1.4}% 7
\BOOKMARK [2][-]{subsection.1.4.2}{\376\377\000L\000a\000z\000y\000\040\000a\000p\000p\000r\000o\000a\000c\000h}{section.1.4}% 8
\BOOKMARK [1][-]{section.1.5}{\376\377\000D\000e\000f\000i\000n\000i\000c\000j\000a\000\040\000i\000\040\000z\000a\000s\000a\000d\000a\000\040\000d\000z\000i\000a\001\102\000a\000n\000i\000a\000\040\000S\000M\000T\000-\000s\000o\000l\000v\000e\000r\000\363\000w}{chapter.1}% 9
\BOOKMARK [0][-]{chapter.2}{\376\377\000P\000r\000z\000e\000g\000l\001\005\000d\000\040\000l\000i\000t\000e\000r\000a\000t\000u\000r\000y}{}% 10
\BOOKMARK [1][-]{section.2.1}{\376\377\000H\000i\000s\000t\000o\000r\000i\000a\000\040\000i\000\040\000r\000o\000z\000w\000\363\000j\000\040\000S\000M\000T\000\040\000s\000o\000l\000v\000e\000r\000\363\000w}{chapter.2}% 11
\BOOKMARK [0][-]{chapter.3}{\376\377\000O\000p\000i\000s\000\040\000w\000y\000k\000o\000r\000z\000y\000s\000t\000y\000w\000a\000n\000y\000c\000h\000\040\000n\000a\000r\000z\001\031\000d\000z\000i}{}% 12
\BOOKMARK [1][-]{section.3.1}{\376\377\000Z\0003\000\040\000S\000o\000l\000v\000e\000r}{chapter.3}% 13
\BOOKMARK [2][-]{subsection.3.1.1}{\376\377\000A\000r\000c\000h\000i\000t\000e\000k\000t\000u\000r\000a\000\040\000s\000y\000s\000t\000e\000m\000u}{section.3.1}% 14
\BOOKMARK [1][-]{section.3.2}{\376\377\000Y\000i\000c\000e\000s\000\040\000S\000o\000l\000v\000e\000r}{chapter.3}% 15
\BOOKMARK [1][-]{section.3.3}{\376\377\000C\000V\000C\0005\000\040\000S\000o\000l\000v\000e\000r}{chapter.3}% 16
\BOOKMARK [0][-]{chapter.4}{\376\377\000E\000k\000s\000p\000e\000r\000y\000m\000e\000n\000t\000y\000\040\000i\000\040\000a\000n\000a\000l\000i\000z\000a\000\040\000w\000y\000n\000i\000k\000\363\000w}{}% 17
\BOOKMARK [1][-]{section.4.1}{\376\377\000W\000y\000b\000\363\000r\000\040\000p\000r\000o\000b\000l\000e\000m\000\363\000w\000\040\000N\000P\000-\000t\000r\000u\000d\000n\000y\000c\000h\000\040\000d\000o\000\040\000i\000m\000p\000l\000e\000m\000e\000n\000t\000a\000c\000j\000i}{chapter.4}% 18
\BOOKMARK [1][-]{section.4.2}{\376\377\000I\000m\000p\000l\000e\000m\000e\000n\000t\000a\000c\000j\000a\000\040\000p\000r\000o\000b\000l\000e\000m\000\363\000w\000\040\000w\000\040\000j\001\031\000z\000y\000k\000u\000\040\000P\000y\000t\000h\000o\000n\000\040\000p\000r\000z\000y\000\040\000u\001\174\000y\000c\000i\000u\000\040\000z\0003\000,\000\040\000Y\000i\000c\000e\000s\000\040\000i\000\040\000C\000V\000C\0005}{chapter.4}% 19
\BOOKMARK [1][-]{section.4.3}{\376\377\000P\000r\000z\000e\000p\000r\000o\000w\000a\000d\000z\000e\000n\000i\000e\000\040\000e\000k\000s\000p\000e\000r\000y\000m\000e\000n\000t\000\363\000w\000\040\000i\000\040\000z\000b\000i\000e\000r\000a\000n\000i\000e\000\040\000d\000a\000n\000y\000c\000h}{chapter.4}% 20
\BOOKMARK [1][-]{section.4.4}{\376\377\000A\000n\000a\000l\000i\000z\000a\000\040\000z\000e\000b\000r\000a\000n\000y\000c\000h\000\040\000d\000a\000n\000y\000c\000h\000\040\000i\000\040\000p\000o\000r\000\363\000w\000n\000a\000n\000i\000e\000\040\000e\000f\000e\000k\000t\000y\000w\000n\000o\001\133\000c\000i\000\040\000s\000o\000l\000v\000e\000r\000\363\000w}{chapter.4}% 21
\BOOKMARK [1][-]{section.4.5}{\376\377\000I\000d\000e\000n\000t\000y\000f\000i\000k\000a\000c\000j\000a\000\040\000c\000z\000y\000n\000n\000i\000k\000\363\000w\000\040\000w\000p\001\102\000y\000w\000a\000j\001\005\000c\000y\000c\000h\000\040\000n\000a\000\040\000e\000f\000e\000k\000t\000y\000w\000n\000o\001\133\001\007}{chapter.4}% 22
\BOOKMARK [0][-]{chapter*.5}{\376\377\000Z\000a\000k\000o\001\104\000c\000z\000e\000n\000i\000e}{}% 23
\BOOKMARK [0][-]{appendix.A}{\376\377\000T\000y\000t\000u\001\102\000\040\000z\000a\001\102\001\005\000c\000z\000n\000i\000k\000a\000\040\000j\000e\000d\000e\000n}{}% 24
\BOOKMARK [0][-]{appendix.B}{\376\377\000T\000y\000t\000u\001\102\000\040\000z\000a\001\102\001\005\000c\000z\000n\000i\000k\000a\000\040\000d\000w\000a}{}% 25
\BOOKMARK [0][-]{appendix*.6}{\376\377\000S\000p\000i\000s\000\040\000t\000a\000b\000l\000i\000c}{}% 26
\BOOKMARK [0][-]{appendix*.7}{\376\377\000S\000p\000i\000s\000\040\000r\000y\000s\000u\000n\000k\000\363\000w}{}% 27
